<?xml version="1.0" encoding="UTF-8"?>
<Site BuildName="Win32-MSBuild"
	BuildStamp="20240212-1006-Experimental"
	Name="healuyaa"
	Generator="ctest-3.28.2"
	CompilerName="C:/Program Files/Microsoft Visual Studio/2022/Community/VC/Tools/MSVC/14.38.33130/bin/Hostx64/x64/cl.exe"
	CompilerVersion="19.38.33134.0"
	OSName="Windows"
	Hostname="healuyaa"
	OSRelease=" Professional"
	OSVersion=" (Build 22631)"
	OSPlatform="AMD64"
	Is64Bits="1"
	VendorString="AuthenticAMD"
	VendorID="Advanced Micro Devices"
	FamilyID="15"
	ModelID="8"
	ProcessorCacheSize="96"
	NumberOfLogicalCPU="12"
	NumberOfPhysicalCPU="6"
	TotalVirtualMemory="26038"
	TotalPhysicalMemory="16310"
	LogicalProcessorsPerPhysical="2"
	ProcessorClockFrequency="3399"
	>
	<Testing>
		<StartDateTime>Feb 12 22:08 [NON-UTF-8-BYTE-0xC1][NON-UTF-8-BYTE-0xE5][NON-UTF-8-BYTE-0xEB][NON-UTF-8-BYTE-0xE0][NON-UTF-8-BYTE-0xF0][NON-UTF-8-BYTE-0xF3][NON-UTF-8-BYTE-0xF1][NON-UTF-8-BYTE-0xFC] ([NON-UTF-8-BYTE-0xE7][NON-UTF-8-BYTE-0xE8][NON-UTF-8-BYTE-0xEC][NON-UTF-8-BYTE-0xE0])</StartDateTime>
		<StartTestTime>1707764927</StartTestTime>
		<TestList/>
		<EndDateTime>Feb 12 22:08 [NON-UTF-8-BYTE-0xC1][NON-UTF-8-BYTE-0xE5][NON-UTF-8-BYTE-0xEB][NON-UTF-8-BYTE-0xE0][NON-UTF-8-BYTE-0xF0][NON-UTF-8-BYTE-0xF3][NON-UTF-8-BYTE-0xF1][NON-UTF-8-BYTE-0xFC] ([NON-UTF-8-BYTE-0xE7][NON-UTF-8-BYTE-0xE8][NON-UTF-8-BYTE-0xEC][NON-UTF-8-BYTE-0xE0])</EndDateTime>
		<EndTestTime>1707764927</EndTestTime>
		<ElapsedMinutes>0</ElapsedMinutes>
	</Testing>
</Site>
